2021-04-26 16:42:06 [main] INFO  c.m.d.t.t.s.TwitterToKafkaServiceApplication - Starting TwitterToKafkaServiceApplication using Java 11.0.10 on DESKTOP-IMPVB2T with PID 6388 (C:\Users\Anonymous\Desktop\micro\microservices-demo\twitter-to-kafka-service\target\classes started by Anonymous in C:\Users\Anonymous\Desktop\micro\microservices-demo)
2021-04-26 16:42:06 [main] INFO  c.m.d.t.t.s.TwitterToKafkaServiceApplication - No active profile set, falling back to default profiles: default
2021-04-26 16:42:06 [main] INFO  c.m.d.t.t.s.TwitterToKafkaServiceApplication - Started TwitterToKafkaServiceApplication in 0.898 seconds (JVM running for 2.166)
2021-04-26 16:42:06 [main] INFO  c.m.d.t.t.s.TwitterToKafkaServiceApplication - Hello world
2021-04-26 16:46:49 [main] INFO  c.m.d.t.t.s.TwitterToKafkaServiceApplication - Starting TwitterToKafkaServiceApplication using Java 11.0.10 on DESKTOP-IMPVB2T with PID 12828 (C:\Users\Anonymous\Desktop\micro\microservices-demo\twitter-to-kafka-service\target\classes started by Anonymous in C:\Users\Anonymous\Desktop\micro\microservices-demo)
2021-04-26 16:46:49 [main] INFO  c.m.d.t.t.s.TwitterToKafkaServiceApplication - No active profile set, falling back to default profiles: default
2021-04-26 16:46:49 [main] INFO  c.m.d.t.t.s.TwitterToKafkaServiceApplication - Started TwitterToKafkaServiceApplication in 0.804 seconds (JVM running for 2.061)
2021-04-26 16:46:49 [main] INFO  c.m.d.t.t.s.TwitterToKafkaServiceApplication - Hello world
2021-04-26 16:46:49 [main] INFO  c.m.d.t.t.s.TwitterToKafkaServiceApplication - [Java, Microservices, Spring, Kafka, Elasticsearch]
2021-04-26 16:57:25 [main] INFO  c.m.d.t.t.s.TwitterToKafkaServiceApplication - Starting TwitterToKafkaServiceApplication using Java 11.0.10 on DESKTOP-IMPVB2T with PID 15280 (C:\Users\Anonymous\Desktop\micro\microservices-demo\twitter-to-kafka-service\target\classes started by Anonymous in C:\Users\Anonymous\Desktop\micro\microservices-demo)
2021-04-26 16:57:25 [main] INFO  c.m.d.t.t.s.TwitterToKafkaServiceApplication - No active profile set, falling back to default profiles: default
2021-04-26 16:57:25 [main] INFO  c.m.d.t.t.s.TwitterToKafkaServiceApplication - Started TwitterToKafkaServiceApplication in 1.003 seconds (JVM running for 2.895)
2021-04-26 16:57:25 [main] INFO  c.m.d.t.t.s.TwitterToKafkaServiceApplication - Hello world
2021-04-26 16:57:25 [main] INFO  c.m.d.t.t.s.TwitterToKafkaServiceApplication - [Java, Microservices, Spring, Kafka, Elasticsearch]
2021-04-26 17:00:10 [main] INFO  c.m.d.t.t.s.TwitterToKafkaServiceApplication - Starting TwitterToKafkaServiceApplication using Java 11.0.10 on DESKTOP-IMPVB2T with PID 7516 (C:\Users\Anonymous\Desktop\micro\microservices-demo\twitter-to-kafka-service\target\classes started by Anonymous in C:\Users\Anonymous\Desktop\micro\microservices-demo)
2021-04-26 17:00:10 [main] INFO  c.m.d.t.t.s.TwitterToKafkaServiceApplication - No active profile set, falling back to default profiles: default
2021-04-26 17:00:10 [main] INFO  c.m.d.t.t.s.TwitterToKafkaServiceApplication - Started TwitterToKafkaServiceApplication in 1.015 seconds (JVM running for 2.76)
2021-04-26 17:00:10 [main] INFO  c.m.d.t.t.s.TwitterToKafkaServiceApplication - Hello world
2021-04-26 17:00:10 [main] INFO  c.m.d.t.t.s.TwitterToKafkaServiceApplication - [Java, Microservices, Spring, Kafka, Elasticsearch]
2021-04-26 17:07:57 [main] INFO  c.m.d.t.t.s.TwitterToKafkaServiceApplication - Starting TwitterToKafkaServiceApplication using Java 11.0.10 on DESKTOP-IMPVB2T with PID 10980 (C:\Users\Anonymous\Desktop\micro\microservices-demo\twitter-to-kafka-service\target\classes started by Anonymous in C:\Users\Anonymous\Desktop\micro\microservices-demo)
2021-04-26 17:07:57 [main] INFO  c.m.d.t.t.s.TwitterToKafkaServiceApplication - No active profile set, falling back to default profiles: default
2021-04-26 17:07:57 [main] INFO  c.m.d.t.t.s.TwitterToKafkaServiceApplication - Started TwitterToKafkaServiceApplication in 0.857 seconds (JVM running for 2.138)
2021-04-26 17:07:57 [main] INFO  c.m.d.t.t.s.TwitterToKafkaServiceApplication - Hello world
2021-04-26 17:07:57 [main] INFO  c.m.d.t.t.s.TwitterToKafkaServiceApplication - Hello microservices!
2021-04-26 17:09:06 [main] INFO  c.m.d.t.t.s.TwitterToKafkaServiceApplication - Starting TwitterToKafkaServiceApplication using Java 11.0.10 on DESKTOP-IMPVB2T with PID 14152 (C:\Users\Anonymous\Desktop\micro\microservices-demo\twitter-to-kafka-service\target\classes started by Anonymous in C:\Users\Anonymous\Desktop\micro\microservices-demo)
2021-04-26 17:09:06 [main] INFO  c.m.d.t.t.s.TwitterToKafkaServiceApplication - No active profile set, falling back to default profiles: default
2021-04-26 17:09:06 [main] INFO  c.m.d.t.t.s.TwitterToKafkaServiceApplication - Started TwitterToKafkaServiceApplication in 0.971 seconds (JVM running for 2.67)
2021-04-26 17:09:06 [main] INFO  c.m.d.t.t.s.TwitterToKafkaServiceApplication - Hello world
2021-04-26 17:09:06 [main] INFO  c.m.d.t.t.s.TwitterToKafkaServiceApplication - Hello microservices!
2021-04-26 17:55:22 [main] INFO  c.m.d.t.TwitterToKafkaServiceApplication - Starting TwitterToKafkaServiceApplication using Java 11.0.10 on DESKTOP-IMPVB2T with PID 15356 (C:\Users\Anonymous\Desktop\micro\microservices-demo\twitter-to-kafka-service\target\classes started by Anonymous in C:\Users\Anonymous\Desktop\micro\microservices-demo)
2021-04-26 17:55:22 [main] INFO  c.m.d.t.TwitterToKafkaServiceApplication - No active profile set, falling back to default profiles: default
2021-04-26 17:55:23 [main] INFO  c.m.d.t.TwitterToKafkaServiceApplication - Started TwitterToKafkaServiceApplication in 0.839 seconds (JVM running for 2.075)
2021-04-26 17:55:23 [main] INFO  c.m.d.t.TwitterToKafkaServiceApplication - Hello world
2021-04-26 17:55:23 [main] INFO  c.m.d.t.TwitterToKafkaServiceApplication - [Java, Microservices, Spring, Kafka, Elasticsearch]
2021-04-26 17:55:23 [main] INFO  c.m.d.t.TwitterToKafkaServiceApplication - Hello microservices!
2021-04-26 18:26:35 [main] INFO  c.m.d.t.TwitterToKafkaServiceApplication - Starting TwitterToKafkaServiceApplication using Java 11.0.10 on DESKTOP-IMPVB2T with PID 1960 (C:\Users\Anonymous\Desktop\micro\microservices-demo\twitter-to-kafka-service\target\classes started by Anonymous in C:\Users\Anonymous\Desktop\micro\microservices-demo)
2021-04-26 18:26:35 [main] INFO  c.m.d.t.TwitterToKafkaServiceApplication - No active profile set, falling back to default profiles: default
2021-04-26 18:26:36 [main] INFO  c.m.d.t.TwitterToKafkaServiceApplication - Started TwitterToKafkaServiceApplication in 0.969 seconds (JVM running for 2.505)
2021-04-26 18:26:36 [main] INFO  c.m.d.t.TwitterToKafkaServiceApplication - Hello world
2021-04-26 18:26:36 [main] INFO  c.m.d.t.TwitterToKafkaServiceApplication - [Java, Microservices, Spring, Kafka, Elasticsearch]
2021-04-26 18:26:36 [main] INFO  c.m.d.t.TwitterToKafkaServiceApplication - Hello microservices!
2021-04-26 18:26:36 [main] INFO  c.m.d.t.t.k.s.r.I.TwitterKafkaStreamRunner - Started filtering twitter stream for keywords [Java, Microservices, Spring, Kafka, Elasticsearch]
2021-04-26 18:26:36 [Twitter Stream consumer-1[initializing]] INFO  twitter4j.TwitterStreamImpl - Establishing connection.
2021-04-26 18:26:37 [Twitter Stream consumer-1[Establishing connection]] INFO  twitter4j.TwitterStreamImpl - 401:Authentication credentials (https://dev.twitter.com/pages/auth) were missing or incorrect. Ensure that you have set valid consumer key/secret, access token/secret, and the system clock is in sync.
<html>\n<head>\n<meta http-equiv="Content-Type" content="text/html; charset=utf-8"/>\n<title>Error 401 Unauthorized</title>
</head>
<body>
<h2>HTTP ERROR: 401</h2>
<p>Problem accessing '/1.1/statuses/filter.json'. Reason:
<pre>    Unauthorized</pre>
</body>
</html>

2021-04-26 18:26:37 [Twitter Stream consumer-1[Establishing connection]] INFO  twitter4j.TwitterStreamImpl - Waiting for 10000 milliseconds
2021-04-26 18:26:47 [Twitter Stream consumer-1[Waiting for 10000 milliseconds]] INFO  twitter4j.TwitterStreamImpl - Establishing connection.
2021-04-26 18:26:48 [Twitter Stream consumer-1[Establishing connection]] INFO  twitter4j.TwitterStreamImpl - 401:Authentication credentials (https://dev.twitter.com/pages/auth) were missing or incorrect. Ensure that you have set valid consumer key/secret, access token/secret, and the system clock is in sync.
<html>\n<head>\n<meta http-equiv="Content-Type" content="text/html; charset=utf-8"/>\n<title>Error 401 Unauthorized</title>
</head>
<body>
<h2>HTTP ERROR: 401</h2>
<p>Problem accessing '/1.1/statuses/filter.json'. Reason:
<pre>    Unauthorized</pre>
</body>
</html>

2021-04-26 18:26:48 [Twitter Stream consumer-1[Establishing connection]] INFO  twitter4j.TwitterStreamImpl - Waiting for 20000 milliseconds
2021-04-26 18:27:08 [Twitter Stream consumer-1[Waiting for 20000 milliseconds]] INFO  twitter4j.TwitterStreamImpl - Establishing connection.
2021-04-26 18:27:09 [Twitter Stream consumer-1[Establishing connection]] INFO  twitter4j.TwitterStreamImpl - 401:Authentication credentials (https://dev.twitter.com/pages/auth) were missing or incorrect. Ensure that you have set valid consumer key/secret, access token/secret, and the system clock is in sync.
<html>\n<head>\n<meta http-equiv="Content-Type" content="text/html; charset=utf-8"/>\n<title>Error 401 Unauthorized</title>
</head>
<body>
<h2>HTTP ERROR: 401</h2>
<p>Problem accessing '/1.1/statuses/filter.json'. Reason:
<pre>    Unauthorized</pre>
</body>
</html>

2021-04-26 18:27:09 [Twitter Stream consumer-1[Establishing connection]] INFO  twitter4j.TwitterStreamImpl - Waiting for 40000 milliseconds
2021-04-26 18:27:49 [Twitter Stream consumer-1[Waiting for 40000 milliseconds]] INFO  twitter4j.TwitterStreamImpl - Establishing connection.
2021-04-26 18:27:50 [Twitter Stream consumer-1[Establishing connection]] INFO  twitter4j.TwitterStreamImpl - 401:Authentication credentials (https://dev.twitter.com/pages/auth) were missing or incorrect. Ensure that you have set valid consumer key/secret, access token/secret, and the system clock is in sync.
<html>\n<head>\n<meta http-equiv="Content-Type" content="text/html; charset=utf-8"/>\n<title>Error 401 Unauthorized</title>
</head>
<body>
<h2>HTTP ERROR: 401</h2>
<p>Problem accessing '/1.1/statuses/filter.json'. Reason:
<pre>    Unauthorized</pre>
</body>
</html>

2021-04-26 18:27:50 [Twitter Stream consumer-1[Establishing connection]] INFO  twitter4j.TwitterStreamImpl - Waiting for 80000 milliseconds
2021-04-26 18:29:10 [Twitter Stream consumer-1[Waiting for 80000 milliseconds]] INFO  twitter4j.TwitterStreamImpl - Establishing connection.
2021-04-26 18:29:11 [Twitter Stream consumer-1[Establishing connection]] INFO  twitter4j.TwitterStreamImpl - 401:Authentication credentials (https://dev.twitter.com/pages/auth) were missing or incorrect. Ensure that you have set valid consumer key/secret, access token/secret, and the system clock is in sync.
<html>\n<head>\n<meta http-equiv="Content-Type" content="text/html; charset=utf-8"/>\n<title>Error 401 Unauthorized</title>
</head>
<body>
<h2>HTTP ERROR: 401</h2>
<p>Problem accessing '/1.1/statuses/filter.json'. Reason:
<pre>    Unauthorized</pre>
</body>
</html>

2021-04-26 18:29:11 [Twitter Stream consumer-1[Establishing connection]] INFO  twitter4j.TwitterStreamImpl - Waiting for 160000 milliseconds
2021-04-26 18:31:51 [Twitter Stream consumer-1[Waiting for 160000 milliseconds]] INFO  twitter4j.TwitterStreamImpl - Establishing connection.
2021-04-26 18:31:52 [Twitter Stream consumer-1[Establishing connection]] INFO  twitter4j.TwitterStreamImpl - 401:Authentication credentials (https://dev.twitter.com/pages/auth) were missing or incorrect. Ensure that you have set valid consumer key/secret, access token/secret, and the system clock is in sync.
<html>\n<head>\n<meta http-equiv="Content-Type" content="text/html; charset=utf-8"/>\n<title>Error 401 Unauthorized</title>
</head>
<body>
<h2>HTTP ERROR: 401</h2>
<p>Problem accessing '/1.1/statuses/filter.json'. Reason:
<pre>    Unauthorized</pre>
</body>
</html>

2021-04-26 18:31:52 [Twitter Stream consumer-1[Establishing connection]] INFO  twitter4j.TwitterStreamImpl - Waiting for 240000 milliseconds
2021-04-26 18:34:29 [main] INFO  c.m.d.t.TwitterToKafkaServiceApplication - Starting TwitterToKafkaServiceApplication using Java 11.0.10 on DESKTOP-IMPVB2T with PID 11168 (C:\Users\Anonymous\Desktop\micro\microservices-demo\twitter-to-kafka-service\target\classes started by Anonymous in C:\Users\Anonymous\Desktop\micro\microservices-demo)
2021-04-26 18:34:29 [main] INFO  c.m.d.t.TwitterToKafkaServiceApplication - No active profile set, falling back to default profiles: default
2021-04-26 18:34:30 [main] INFO  c.m.d.t.TwitterToKafkaServiceApplication - Started TwitterToKafkaServiceApplication in 0.883 seconds (JVM running for 2.402)
2021-04-26 18:34:30 [main] INFO  c.m.d.t.TwitterToKafkaServiceApplication - Hello world
2021-04-26 18:37:28 [main] INFO  c.m.d.t.t.k.s.TwitterToKafkaServiceApplication - Starting TwitterToKafkaServiceApplication using Java 11.0.10 on DESKTOP-IMPVB2T with PID 2280 (C:\Users\Anonymous\Desktop\micro\microservices-demo\twitter-to-kafka-service\target\classes started by Anonymous in C:\Users\Anonymous\Desktop\micro\microservices-demo)
2021-04-26 18:37:28 [main] INFO  c.m.d.t.t.k.s.TwitterToKafkaServiceApplication - No active profile set, falling back to default profiles: default
2021-04-26 18:37:28 [main] INFO  c.m.d.t.t.k.s.TwitterToKafkaServiceApplication - Started TwitterToKafkaServiceApplication in 0.938 seconds (JVM running for 2.406)
2021-04-26 18:37:28 [main] INFO  c.m.d.t.t.k.s.TwitterToKafkaServiceApplication - Hello world
2021-04-26 18:56:30 [main] INFO  c.m.d.t.t.k.s.TwitterToKafkaServiceApplication - Starting TwitterToKafkaServiceApplication using Java 11.0.10 on DESKTOP-IMPVB2T with PID 12012 (C:\Users\Anonymous\Desktop\micro\microservices-demo\twitter-to-kafka-service\target\classes started by Anonymous in C:\Users\Anonymous\Desktop\micro\microservices-demo)
2021-04-26 18:56:30 [main] INFO  c.m.d.t.t.k.s.TwitterToKafkaServiceApplication - No active profile set, falling back to default profiles: default
2021-04-26 18:56:30 [main] INFO  c.m.d.t.t.k.s.TwitterToKafkaServiceApplication - Started TwitterToKafkaServiceApplication in 0.837 seconds (JVM running for 2.044)
2021-04-26 18:56:30 [main] INFO  c.m.d.t.t.k.s.TwitterToKafkaServiceApplication - Hello world
2021-04-26 18:56:30 [main] INFO  c.m.d.t.t.k.s.TwitterToKafkaServiceApplication - [Java, Microservices, Spring, Kafka, Elasticsearch]
2021-04-26 18:56:30 [main] INFO  c.m.d.t.t.k.s.TwitterToKafkaServiceApplication - Hello microservices!
2021-04-26 18:56:30 [Twitter Stream consumer-1[initializing]] INFO  twitter4j.TwitterStreamImpl - Establishing connection.
2021-04-26 18:56:30 [main] INFO  c.m.d.t.t.k.s.r.I.TwitterKafkaStreamRunner - Started filtering twitter stream for keywords [Java, Microservices, Spring, Kafka, Elasticsearch]
2021-04-26 18:56:32 [Twitter Stream consumer-1[Establishing connection]] INFO  twitter4j.TwitterStreamImpl - 401:Authentication credentials (https://dev.twitter.com/pages/auth) were missing or incorrect. Ensure that you have set valid consumer key/secret, access token/secret, and the system clock is in sync.
<html>\n<head>\n<meta http-equiv="Content-Type" content="text/html; charset=utf-8"/>\n<title>Error 401 Unauthorized</title>
</head>
<body>
<h2>HTTP ERROR: 401</h2>
<p>Problem accessing '/1.1/statuses/filter.json'. Reason:
<pre>    Unauthorized</pre>
</body>
</html>

2021-04-26 18:56:32 [Twitter Stream consumer-1[Establishing connection]] INFO  twitter4j.TwitterStreamImpl - Waiting for 10000 milliseconds
2021-04-26 18:56:42 [Twitter Stream consumer-1[Waiting for 10000 milliseconds]] INFO  twitter4j.TwitterStreamImpl - Establishing connection.
2021-04-26 18:56:43 [Twitter Stream consumer-1[Establishing connection]] INFO  twitter4j.TwitterStreamImpl - 401:Authentication credentials (https://dev.twitter.com/pages/auth) were missing or incorrect. Ensure that you have set valid consumer key/secret, access token/secret, and the system clock is in sync.
<html>\n<head>\n<meta http-equiv="Content-Type" content="text/html; charset=utf-8"/>\n<title>Error 401 Unauthorized</title>
</head>
<body>
<h2>HTTP ERROR: 401</h2>
<p>Problem accessing '/1.1/statuses/filter.json'. Reason:
<pre>    Unauthorized</pre>
</body>
</html>

2021-04-26 18:56:43 [Twitter Stream consumer-1[Establishing connection]] INFO  twitter4j.TwitterStreamImpl - Waiting for 20000 milliseconds
2021-04-26 18:57:03 [Twitter Stream consumer-1[Waiting for 20000 milliseconds]] INFO  twitter4j.TwitterStreamImpl - Establishing connection.
2021-04-26 18:57:04 [Twitter Stream consumer-1[Establishing connection]] INFO  twitter4j.TwitterStreamImpl - 401:Authentication credentials (https://dev.twitter.com/pages/auth) were missing or incorrect. Ensure that you have set valid consumer key/secret, access token/secret, and the system clock is in sync.
<html>\n<head>\n<meta http-equiv="Content-Type" content="text/html; charset=utf-8"/>\n<title>Error 401 Unauthorized</title>
</head>
<body>
<h2>HTTP ERROR: 401</h2>
<p>Problem accessing '/1.1/statuses/filter.json'. Reason:
<pre>    Unauthorized</pre>
</body>
</html>

2021-04-26 18:57:04 [Twitter Stream consumer-1[Establishing connection]] INFO  twitter4j.TwitterStreamImpl - Waiting for 40000 milliseconds
2021-04-26 18:57:44 [Twitter Stream consumer-1[Waiting for 40000 milliseconds]] INFO  twitter4j.TwitterStreamImpl - Establishing connection.
2021-04-26 18:57:45 [Twitter Stream consumer-1[Establishing connection]] INFO  twitter4j.TwitterStreamImpl - 401:Authentication credentials (https://dev.twitter.com/pages/auth) were missing or incorrect. Ensure that you have set valid consumer key/secret, access token/secret, and the system clock is in sync.
<html>\n<head>\n<meta http-equiv="Content-Type" content="text/html; charset=utf-8"/>\n<title>Error 401 Unauthorized</title>
</head>
<body>
<h2>HTTP ERROR: 401</h2>
<p>Problem accessing '/1.1/statuses/filter.json'. Reason:
<pre>    Unauthorized</pre>
</body>
</html>

2021-04-26 18:57:45 [Twitter Stream consumer-1[Establishing connection]] INFO  twitter4j.TwitterStreamImpl - Waiting for 80000 milliseconds
2021-04-26 18:59:05 [Twitter Stream consumer-1[Waiting for 80000 milliseconds]] INFO  twitter4j.TwitterStreamImpl - Establishing connection.
2021-04-26 18:59:06 [Twitter Stream consumer-1[Establishing connection]] INFO  twitter4j.TwitterStreamImpl - 401:Authentication credentials (https://dev.twitter.com/pages/auth) were missing or incorrect. Ensure that you have set valid consumer key/secret, access token/secret, and the system clock is in sync.
<html>\n<head>\n<meta http-equiv="Content-Type" content="text/html; charset=utf-8"/>\n<title>Error 401 Unauthorized</title>
</head>
<body>
<h2>HTTP ERROR: 401</h2>
<p>Problem accessing '/1.1/statuses/filter.json'. Reason:
<pre>    Unauthorized</pre>
</body>
</html>

2021-04-26 18:59:06 [Twitter Stream consumer-1[Establishing connection]] INFO  twitter4j.TwitterStreamImpl - Waiting for 160000 milliseconds
2021-04-26 19:01:46 [Twitter Stream consumer-1[Waiting for 160000 milliseconds]] INFO  twitter4j.TwitterStreamImpl - Establishing connection.
2021-04-26 19:01:47 [Twitter Stream consumer-1[Establishing connection]] INFO  twitter4j.TwitterStreamImpl - 401:Authentication credentials (https://dev.twitter.com/pages/auth) were missing or incorrect. Ensure that you have set valid consumer key/secret, access token/secret, and the system clock is in sync.
<html>\n<head>\n<meta http-equiv="Content-Type" content="text/html; charset=utf-8"/>\n<title>Error 401 Unauthorized</title>
</head>
<body>
<h2>HTTP ERROR: 401</h2>
<p>Problem accessing '/1.1/statuses/filter.json'. Reason:
<pre>    Unauthorized</pre>
</body>
</html>

2021-04-26 19:01:47 [Twitter Stream consumer-1[Establishing connection]] INFO  twitter4j.TwitterStreamImpl - Waiting for 240000 milliseconds
2021-04-26 19:05:47 [Twitter Stream consumer-1[Waiting for 240000 milliseconds]] INFO  twitter4j.TwitterStreamImpl - Establishing connection.
2021-04-26 19:05:48 [Twitter Stream consumer-1[Establishing connection]] INFO  twitter4j.TwitterStreamImpl - 401:Authentication credentials (https://dev.twitter.com/pages/auth) were missing or incorrect. Ensure that you have set valid consumer key/secret, access token/secret, and the system clock is in sync.
<html>\n<head>\n<meta http-equiv="Content-Type" content="text/html; charset=utf-8"/>\n<title>Error 401 Unauthorized</title>
</head>
<body>
<h2>HTTP ERROR: 401</h2>
<p>Problem accessing '/1.1/statuses/filter.json'. Reason:
<pre>    Unauthorized</pre>
</body>
</html>

2021-04-26 19:05:48 [Twitter Stream consumer-1[Establishing connection]] INFO  twitter4j.TwitterStreamImpl - Waiting for 240000 milliseconds
2021-04-26 19:09:48 [Twitter Stream consumer-1[Waiting for 240000 milliseconds]] INFO  twitter4j.TwitterStreamImpl - Establishing connection.
2021-04-26 19:09:49 [Twitter Stream consumer-1[Establishing connection]] INFO  twitter4j.TwitterStreamImpl - 401:Authentication credentials (https://dev.twitter.com/pages/auth) were missing or incorrect. Ensure that you have set valid consumer key/secret, access token/secret, and the system clock is in sync.
<html>\n<head>\n<meta http-equiv="Content-Type" content="text/html; charset=utf-8"/>\n<title>Error 401 Unauthorized</title>
</head>
<body>
<h2>HTTP ERROR: 401</h2>
<p>Problem accessing '/1.1/statuses/filter.json'. Reason:
<pre>    Unauthorized</pre>
</body>
</html>

2021-04-26 19:09:49 [Twitter Stream consumer-1[Establishing connection]] INFO  twitter4j.TwitterStreamImpl - Waiting for 240000 milliseconds
2021-04-26 19:13:49 [Twitter Stream consumer-1[Waiting for 240000 milliseconds]] INFO  twitter4j.TwitterStreamImpl - Establishing connection.
2021-04-26 19:13:49 [Twitter Stream consumer-1[Establishing connection]] INFO  twitter4j.TwitterStreamImpl - 401:Authentication credentials (https://dev.twitter.com/pages/auth) were missing or incorrect. Ensure that you have set valid consumer key/secret, access token/secret, and the system clock is in sync.
<html>\n<head>\n<meta http-equiv="Content-Type" content="text/html; charset=utf-8"/>\n<title>Error 401 Unauthorized</title>
</head>
<body>
<h2>HTTP ERROR: 401</h2>
<p>Problem accessing '/1.1/statuses/filter.json'. Reason:
<pre>    Unauthorized</pre>
</body>
</html>

2021-04-26 19:13:49 [Twitter Stream consumer-1[Establishing connection]] INFO  twitter4j.TwitterStreamImpl - Waiting for 240000 milliseconds
2021-04-26 19:17:49 [Twitter Stream consumer-1[Waiting for 240000 milliseconds]] INFO  twitter4j.TwitterStreamImpl - Establishing connection.
2021-04-26 19:17:50 [Twitter Stream consumer-1[Establishing connection]] INFO  twitter4j.TwitterStreamImpl - 401:Authentication credentials (https://dev.twitter.com/pages/auth) were missing or incorrect. Ensure that you have set valid consumer key/secret, access token/secret, and the system clock is in sync.
<html>\n<head>\n<meta http-equiv="Content-Type" content="text/html; charset=utf-8"/>\n<title>Error 401 Unauthorized</title>
</head>
<body>
<h2>HTTP ERROR: 401</h2>
<p>Problem accessing '/1.1/statuses/filter.json'. Reason:
<pre>    Unauthorized</pre>
</body>
</html>

2021-04-26 19:17:50 [Twitter Stream consumer-1[Establishing connection]] INFO  twitter4j.TwitterStreamImpl - Waiting for 240000 milliseconds
2021-04-26 19:21:50 [Twitter Stream consumer-1[Waiting for 240000 milliseconds]] INFO  twitter4j.TwitterStreamImpl - Establishing connection.
2021-04-26 19:21:51 [Twitter Stream consumer-1[Establishing connection]] INFO  twitter4j.TwitterStreamImpl - 401:Authentication credentials (https://dev.twitter.com/pages/auth) were missing or incorrect. Ensure that you have set valid consumer key/secret, access token/secret, and the system clock is in sync.
<html>\n<head>\n<meta http-equiv="Content-Type" content="text/html; charset=utf-8"/>\n<title>Error 401 Unauthorized</title>
</head>
<body>
<h2>HTTP ERROR: 401</h2>
<p>Problem accessing '/1.1/statuses/filter.json'. Reason:
<pre>    Unauthorized</pre>
</body>
</html>

2021-04-26 19:21:51 [Twitter Stream consumer-1[Establishing connection]] INFO  twitter4j.TwitterStreamImpl - Waiting for 240000 milliseconds
2021-04-26 19:25:51 [Twitter Stream consumer-1[Waiting for 240000 milliseconds]] INFO  twitter4j.TwitterStreamImpl - Establishing connection.
2021-04-26 19:25:52 [Twitter Stream consumer-1[Establishing connection]] INFO  twitter4j.TwitterStreamImpl - 401:Authentication credentials (https://dev.twitter.com/pages/auth) were missing or incorrect. Ensure that you have set valid consumer key/secret, access token/secret, and the system clock is in sync.
<html>\n<head>\n<meta http-equiv="Content-Type" content="text/html; charset=utf-8"/>\n<title>Error 401 Unauthorized</title>
</head>
<body>
<h2>HTTP ERROR: 401</h2>
<p>Problem accessing '/1.1/statuses/filter.json'. Reason:
<pre>    Unauthorized</pre>
</body>
</html>

2021-04-26 19:25:52 [Twitter Stream consumer-1[Establishing connection]] INFO  twitter4j.TwitterStreamImpl - Waiting for 240000 milliseconds
2021-04-26 19:29:52 [Twitter Stream consumer-1[Waiting for 240000 milliseconds]] INFO  twitter4j.TwitterStreamImpl - Establishing connection.
2021-04-26 19:29:53 [Twitter Stream consumer-1[Establishing connection]] INFO  twitter4j.TwitterStreamImpl - 401:Authentication credentials (https://dev.twitter.com/pages/auth) were missing or incorrect. Ensure that you have set valid consumer key/secret, access token/secret, and the system clock is in sync.
<html>\n<head>\n<meta http-equiv="Content-Type" content="text/html; charset=utf-8"/>\n<title>Error 401 Unauthorized</title>
</head>
<body>
<h2>HTTP ERROR: 401</h2>
<p>Problem accessing '/1.1/statuses/filter.json'. Reason:
<pre>    Unauthorized</pre>
</body>
</html>

2021-04-26 19:29:53 [Twitter Stream consumer-1[Establishing connection]] INFO  twitter4j.TwitterStreamImpl - Waiting for 240000 milliseconds
2021-04-26 19:33:53 [Twitter Stream consumer-1[Waiting for 240000 milliseconds]] INFO  twitter4j.TwitterStreamImpl - Establishing connection.
2021-04-26 19:33:54 [Twitter Stream consumer-1[Establishing connection]] INFO  twitter4j.TwitterStreamImpl - 401:Authentication credentials (https://dev.twitter.com/pages/auth) were missing or incorrect. Ensure that you have set valid consumer key/secret, access token/secret, and the system clock is in sync.
<html>\n<head>\n<meta http-equiv="Content-Type" content="text/html; charset=utf-8"/>\n<title>Error 401 Unauthorized</title>
</head>
<body>
<h2>HTTP ERROR: 401</h2>
<p>Problem accessing '/1.1/statuses/filter.json'. Reason:
<pre>    Unauthorized</pre>
</body>
</html>

2021-04-26 19:33:54 [Twitter Stream consumer-1[Establishing connection]] INFO  twitter4j.TwitterStreamImpl - Waiting for 240000 milliseconds
2021-04-26 19:37:54 [Twitter Stream consumer-1[Waiting for 240000 milliseconds]] INFO  twitter4j.TwitterStreamImpl - Establishing connection.
2021-04-26 19:37:55 [Twitter Stream consumer-1[Establishing connection]] INFO  twitter4j.TwitterStreamImpl - 401:Authentication credentials (https://dev.twitter.com/pages/auth) were missing or incorrect. Ensure that you have set valid consumer key/secret, access token/secret, and the system clock is in sync.
<html>\n<head>\n<meta http-equiv="Content-Type" content="text/html; charset=utf-8"/>\n<title>Error 401 Unauthorized</title>
</head>
<body>
<h2>HTTP ERROR: 401</h2>
<p>Problem accessing '/1.1/statuses/filter.json'. Reason:
<pre>    Unauthorized</pre>
</body>
</html>

2021-04-26 19:37:55 [Twitter Stream consumer-1[Establishing connection]] INFO  twitter4j.TwitterStreamImpl - Waiting for 240000 milliseconds
2021-04-26 19:41:55 [Twitter Stream consumer-1[Waiting for 240000 milliseconds]] INFO  twitter4j.TwitterStreamImpl - Establishing connection.
2021-04-26 19:41:57 [Twitter Stream consumer-1[Establishing connection]] INFO  twitter4j.TwitterStreamImpl - 401:Authentication credentials (https://dev.twitter.com/pages/auth) were missing or incorrect. Ensure that you have set valid consumer key/secret, access token/secret, and the system clock is in sync.
<html>\n<head>\n<meta http-equiv="Content-Type" content="text/html; charset=utf-8"/>\n<title>Error 401 Unauthorized</title>
</head>
<body>
<h2>HTTP ERROR: 401</h2>
<p>Problem accessing '/1.1/statuses/filter.json'. Reason:
<pre>    Unauthorized</pre>
</body>
</html>

2021-04-26 19:41:57 [Twitter Stream consumer-1[Establishing connection]] INFO  twitter4j.TwitterStreamImpl - Waiting for 240000 milliseconds
2021-04-26 19:45:57 [Twitter Stream consumer-1[Waiting for 240000 milliseconds]] INFO  twitter4j.TwitterStreamImpl - Establishing connection.
2021-04-26 19:45:58 [Twitter Stream consumer-1[Establishing connection]] INFO  twitter4j.TwitterStreamImpl - 401:Authentication credentials (https://dev.twitter.com/pages/auth) were missing or incorrect. Ensure that you have set valid consumer key/secret, access token/secret, and the system clock is in sync.
<html>\n<head>\n<meta http-equiv="Content-Type" content="text/html; charset=utf-8"/>\n<title>Error 401 Unauthorized</title>
</head>
<body>
<h2>HTTP ERROR: 401</h2>
<p>Problem accessing '/1.1/statuses/filter.json'. Reason:
<pre>    Unauthorized</pre>
</body>
</html>

2021-04-26 19:45:58 [Twitter Stream consumer-1[Establishing connection]] INFO  twitter4j.TwitterStreamImpl - Waiting for 240000 milliseconds
2021-04-26 19:49:58 [Twitter Stream consumer-1[Waiting for 240000 milliseconds]] INFO  twitter4j.TwitterStreamImpl - Establishing connection.
2021-04-26 19:49:59 [Twitter Stream consumer-1[Establishing connection]] INFO  twitter4j.TwitterStreamImpl - 401:Authentication credentials (https://dev.twitter.com/pages/auth) were missing or incorrect. Ensure that you have set valid consumer key/secret, access token/secret, and the system clock is in sync.
<html>\n<head>\n<meta http-equiv="Content-Type" content="text/html; charset=utf-8"/>\n<title>Error 401 Unauthorized</title>
</head>
<body>
<h2>HTTP ERROR: 401</h2>
<p>Problem accessing '/1.1/statuses/filter.json'. Reason:
<pre>    Unauthorized</pre>
</body>
</html>

2021-04-26 19:49:59 [Twitter Stream consumer-1[Establishing connection]] INFO  twitter4j.TwitterStreamImpl - Waiting for 240000 milliseconds
2021-04-26 19:53:59 [Twitter Stream consumer-1[Waiting for 240000 milliseconds]] INFO  twitter4j.TwitterStreamImpl - Establishing connection.
2021-04-26 19:54:00 [Twitter Stream consumer-1[Establishing connection]] INFO  twitter4j.TwitterStreamImpl - 401:Authentication credentials (https://dev.twitter.com/pages/auth) were missing or incorrect. Ensure that you have set valid consumer key/secret, access token/secret, and the system clock is in sync.
<html>\n<head>\n<meta http-equiv="Content-Type" content="text/html; charset=utf-8"/>\n<title>Error 401 Unauthorized</title>
</head>
<body>
<h2>HTTP ERROR: 401</h2>
<p>Problem accessing '/1.1/statuses/filter.json'. Reason:
<pre>    Unauthorized</pre>
</body>
</html>

2021-04-26 19:54:00 [Twitter Stream consumer-1[Establishing connection]] INFO  twitter4j.TwitterStreamImpl - Waiting for 240000 milliseconds
2021-04-26 19:58:00 [Twitter Stream consumer-1[Waiting for 240000 milliseconds]] INFO  twitter4j.TwitterStreamImpl - Establishing connection.
2021-04-26 19:58:02 [Twitter Stream consumer-1[Establishing connection]] INFO  twitter4j.TwitterStreamImpl - 401:Authentication credentials (https://dev.twitter.com/pages/auth) were missing or incorrect. Ensure that you have set valid consumer key/secret, access token/secret, and the system clock is in sync.
<html>\n<head>\n<meta http-equiv="Content-Type" content="text/html; charset=utf-8"/>\n<title>Error 401 Unauthorized</title>
</head>
<body>
<h2>HTTP ERROR: 401</h2>
<p>Problem accessing '/1.1/statuses/filter.json'. Reason:
<pre>    Unauthorized</pre>
</body>
</html>

2021-04-26 19:58:02 [Twitter Stream consumer-1[Establishing connection]] INFO  twitter4j.TwitterStreamImpl - Waiting for 240000 milliseconds
2021-04-26 20:02:02 [Twitter Stream consumer-1[Waiting for 240000 milliseconds]] INFO  twitter4j.TwitterStreamImpl - Establishing connection.
2021-04-26 20:02:03 [Twitter Stream consumer-1[Establishing connection]] INFO  twitter4j.TwitterStreamImpl - 401:Authentication credentials (https://dev.twitter.com/pages/auth) were missing or incorrect. Ensure that you have set valid consumer key/secret, access token/secret, and the system clock is in sync.
<html>\n<head>\n<meta http-equiv="Content-Type" content="text/html; charset=utf-8"/>\n<title>Error 401 Unauthorized</title>
</head>
<body>
<h2>HTTP ERROR: 401</h2>
<p>Problem accessing '/1.1/statuses/filter.json'. Reason:
<pre>    Unauthorized</pre>
</body>
</html>

2021-04-26 20:02:03 [Twitter Stream consumer-1[Establishing connection]] INFO  twitter4j.TwitterStreamImpl - Waiting for 240000 milliseconds
2021-04-26 20:06:03 [Twitter Stream consumer-1[Waiting for 240000 milliseconds]] INFO  twitter4j.TwitterStreamImpl - Establishing connection.
2021-04-26 20:06:05 [Twitter Stream consumer-1[Establishing connection]] INFO  twitter4j.TwitterStreamImpl - 401:Authentication credentials (https://dev.twitter.com/pages/auth) were missing or incorrect. Ensure that you have set valid consumer key/secret, access token/secret, and the system clock is in sync.
<html>\n<head>\n<meta http-equiv="Content-Type" content="text/html; charset=utf-8"/>\n<title>Error 401 Unauthorized</title>
</head>
<body>
<h2>HTTP ERROR: 401</h2>
<p>Problem accessing '/1.1/statuses/filter.json'. Reason:
<pre>    Unauthorized</pre>
</body>
</html>

2021-04-26 20:06:05 [Twitter Stream consumer-1[Establishing connection]] INFO  twitter4j.TwitterStreamImpl - Waiting for 240000 milliseconds
2021-04-26 20:10:05 [Twitter Stream consumer-1[Waiting for 240000 milliseconds]] INFO  twitter4j.TwitterStreamImpl - Establishing connection.
2021-04-26 20:10:06 [Twitter Stream consumer-1[Establishing connection]] INFO  twitter4j.TwitterStreamImpl - 401:Authentication credentials (https://dev.twitter.com/pages/auth) were missing or incorrect. Ensure that you have set valid consumer key/secret, access token/secret, and the system clock is in sync.
<html>\n<head>\n<meta http-equiv="Content-Type" content="text/html; charset=utf-8"/>\n<title>Error 401 Unauthorized</title>
</head>
<body>
<h2>HTTP ERROR: 401</h2>
<p>Problem accessing '/1.1/statuses/filter.json'. Reason:
<pre>    Unauthorized</pre>
</body>
</html>

2021-04-26 20:10:06 [Twitter Stream consumer-1[Establishing connection]] INFO  twitter4j.TwitterStreamImpl - Waiting for 240000 milliseconds
2021-04-26 20:14:06 [Twitter Stream consumer-1[Waiting for 240000 milliseconds]] INFO  twitter4j.TwitterStreamImpl - Establishing connection.
2021-04-26 20:14:07 [Twitter Stream consumer-1[Establishing connection]] INFO  twitter4j.TwitterStreamImpl - 401:Authentication credentials (https://dev.twitter.com/pages/auth) were missing or incorrect. Ensure that you have set valid consumer key/secret, access token/secret, and the system clock is in sync.
<html>\n<head>\n<meta http-equiv="Content-Type" content="text/html; charset=utf-8"/>\n<title>Error 401 Unauthorized</title>
</head>
<body>
<h2>HTTP ERROR: 401</h2>
<p>Problem accessing '/1.1/statuses/filter.json'. Reason:
<pre>    Unauthorized</pre>
</body>
</html>

2021-04-26 20:14:07 [Twitter Stream consumer-1[Establishing connection]] INFO  twitter4j.TwitterStreamImpl - Waiting for 240000 milliseconds
2021-04-26 20:18:07 [Twitter Stream consumer-1[Waiting for 240000 milliseconds]] INFO  twitter4j.TwitterStreamImpl - Establishing connection.
2021-04-26 20:18:08 [Twitter Stream consumer-1[Establishing connection]] INFO  twitter4j.TwitterStreamImpl - 401:Authentication credentials (https://dev.twitter.com/pages/auth) were missing or incorrect. Ensure that you have set valid consumer key/secret, access token/secret, and the system clock is in sync.
<html>\n<head>\n<meta http-equiv="Content-Type" content="text/html; charset=utf-8"/>\n<title>Error 401 Unauthorized</title>
</head>
<body>
<h2>HTTP ERROR: 401</h2>
<p>Problem accessing '/1.1/statuses/filter.json'. Reason:
<pre>    Unauthorized</pre>
</body>
</html>

2021-04-26 20:18:08 [Twitter Stream consumer-1[Establishing connection]] INFO  twitter4j.TwitterStreamImpl - Waiting for 240000 milliseconds
2021-04-26 20:22:08 [Twitter Stream consumer-1[Waiting for 240000 milliseconds]] INFO  twitter4j.TwitterStreamImpl - Establishing connection.
2021-04-26 20:22:09 [Twitter Stream consumer-1[Establishing connection]] INFO  twitter4j.TwitterStreamImpl - 401:Authentication credentials (https://dev.twitter.com/pages/auth) were missing or incorrect. Ensure that you have set valid consumer key/secret, access token/secret, and the system clock is in sync.
<html>\n<head>\n<meta http-equiv="Content-Type" content="text/html; charset=utf-8"/>\n<title>Error 401 Unauthorized</title>
</head>
<body>
<h2>HTTP ERROR: 401</h2>
<p>Problem accessing '/1.1/statuses/filter.json'. Reason:
<pre>    Unauthorized</pre>
</body>
</html>

2021-04-26 20:22:09 [Twitter Stream consumer-1[Establishing connection]] INFO  twitter4j.TwitterStreamImpl - Waiting for 240000 milliseconds
2021-04-26 20:26:09 [Twitter Stream consumer-1[Waiting for 240000 milliseconds]] INFO  twitter4j.TwitterStreamImpl - Establishing connection.
2021-04-26 20:26:10 [Twitter Stream consumer-1[Establishing connection]] INFO  twitter4j.TwitterStreamImpl - 401:Authentication credentials (https://dev.twitter.com/pages/auth) were missing or incorrect. Ensure that you have set valid consumer key/secret, access token/secret, and the system clock is in sync.
<html>\n<head>\n<meta http-equiv="Content-Type" content="text/html; charset=utf-8"/>\n<title>Error 401 Unauthorized</title>
</head>
<body>
<h2>HTTP ERROR: 401</h2>
<p>Problem accessing '/1.1/statuses/filter.json'. Reason:
<pre>    Unauthorized</pre>
</body>
</html>

2021-04-26 20:26:10 [Twitter Stream consumer-1[Establishing connection]] INFO  twitter4j.TwitterStreamImpl - Waiting for 240000 milliseconds
2021-04-26 20:30:10 [Twitter Stream consumer-1[Waiting for 240000 milliseconds]] INFO  twitter4j.TwitterStreamImpl - Establishing connection.
2021-04-26 20:30:11 [Twitter Stream consumer-1[Establishing connection]] INFO  twitter4j.TwitterStreamImpl - 401:Authentication credentials (https://dev.twitter.com/pages/auth) were missing or incorrect. Ensure that you have set valid consumer key/secret, access token/secret, and the system clock is in sync.
<html>\n<head>\n<meta http-equiv="Content-Type" content="text/html; charset=utf-8"/>\n<title>Error 401 Unauthorized</title>
</head>
<body>
<h2>HTTP ERROR: 401</h2>
<p>Problem accessing '/1.1/statuses/filter.json'. Reason:
<pre>    Unauthorized</pre>
</body>
</html>

2021-04-26 20:30:11 [Twitter Stream consumer-1[Establishing connection]] INFO  twitter4j.TwitterStreamImpl - Waiting for 240000 milliseconds
2021-04-26 20:34:11 [Twitter Stream consumer-1[Waiting for 240000 milliseconds]] INFO  twitter4j.TwitterStreamImpl - Establishing connection.
2021-04-26 20:34:12 [Twitter Stream consumer-1[Establishing connection]] INFO  twitter4j.TwitterStreamImpl - 401:Authentication credentials (https://dev.twitter.com/pages/auth) were missing or incorrect. Ensure that you have set valid consumer key/secret, access token/secret, and the system clock is in sync.
<html>\n<head>\n<meta http-equiv="Content-Type" content="text/html; charset=utf-8"/>\n<title>Error 401 Unauthorized</title>
</head>
<body>
<h2>HTTP ERROR: 401</h2>
<p>Problem accessing '/1.1/statuses/filter.json'. Reason:
<pre>    Unauthorized</pre>
</body>
</html>

2021-04-26 20:34:12 [Twitter Stream consumer-1[Establishing connection]] INFO  twitter4j.TwitterStreamImpl - Waiting for 240000 milliseconds
2021-04-26 20:38:12 [Twitter Stream consumer-1[Waiting for 240000 milliseconds]] INFO  twitter4j.TwitterStreamImpl - Establishing connection.
2021-04-26 20:38:13 [Twitter Stream consumer-1[Establishing connection]] INFO  twitter4j.TwitterStreamImpl - 401:Authentication credentials (https://dev.twitter.com/pages/auth) were missing or incorrect. Ensure that you have set valid consumer key/secret, access token/secret, and the system clock is in sync.
<html>\n<head>\n<meta http-equiv="Content-Type" content="text/html; charset=utf-8"/>\n<title>Error 401 Unauthorized</title>
</head>
<body>
<h2>HTTP ERROR: 401</h2>
<p>Problem accessing '/1.1/statuses/filter.json'. Reason:
<pre>    Unauthorized</pre>
</body>
</html>

2021-04-26 20:38:13 [Twitter Stream consumer-1[Establishing connection]] INFO  twitter4j.TwitterStreamImpl - Waiting for 240000 milliseconds
2021-04-26 20:42:13 [Twitter Stream consumer-1[Waiting for 240000 milliseconds]] INFO  twitter4j.TwitterStreamImpl - Establishing connection.
2021-04-26 20:42:14 [Twitter Stream consumer-1[Establishing connection]] INFO  twitter4j.TwitterStreamImpl - 401:Authentication credentials (https://dev.twitter.com/pages/auth) were missing or incorrect. Ensure that you have set valid consumer key/secret, access token/secret, and the system clock is in sync.
<html>\n<head>\n<meta http-equiv="Content-Type" content="text/html; charset=utf-8"/>\n<title>Error 401 Unauthorized</title>
</head>
<body>
<h2>HTTP ERROR: 401</h2>
<p>Problem accessing '/1.1/statuses/filter.json'. Reason:
<pre>    Unauthorized</pre>
</body>
</html>

2021-04-26 20:42:14 [Twitter Stream consumer-1[Establishing connection]] INFO  twitter4j.TwitterStreamImpl - Waiting for 240000 milliseconds
2021-04-26 20:46:14 [Twitter Stream consumer-1[Waiting for 240000 milliseconds]] INFO  twitter4j.TwitterStreamImpl - Establishing connection.
2021-04-26 20:46:15 [Twitter Stream consumer-1[Establishing connection]] INFO  twitter4j.TwitterStreamImpl - 401:Authentication credentials (https://dev.twitter.com/pages/auth) were missing or incorrect. Ensure that you have set valid consumer key/secret, access token/secret, and the system clock is in sync.
<html>\n<head>\n<meta http-equiv="Content-Type" content="text/html; charset=utf-8"/>\n<title>Error 401 Unauthorized</title>
</head>
<body>
<h2>HTTP ERROR: 401</h2>
<p>Problem accessing '/1.1/statuses/filter.json'. Reason:
<pre>    Unauthorized</pre>
</body>
</html>

2021-04-26 20:46:15 [Twitter Stream consumer-1[Establishing connection]] INFO  twitter4j.TwitterStreamImpl - Waiting for 240000 milliseconds
2021-04-26 20:50:15 [Twitter Stream consumer-1[Waiting for 240000 milliseconds]] INFO  twitter4j.TwitterStreamImpl - Establishing connection.
2021-04-26 20:50:16 [Twitter Stream consumer-1[Establishing connection]] INFO  twitter4j.TwitterStreamImpl - 401:Authentication credentials (https://dev.twitter.com/pages/auth) were missing or incorrect. Ensure that you have set valid consumer key/secret, access token/secret, and the system clock is in sync.
<html>\n<head>\n<meta http-equiv="Content-Type" content="text/html; charset=utf-8"/>\n<title>Error 401 Unauthorized</title>
</head>
<body>
<h2>HTTP ERROR: 401</h2>
<p>Problem accessing '/1.1/statuses/filter.json'. Reason:
<pre>    Unauthorized</pre>
</body>
</html>

2021-04-26 20:50:16 [Twitter Stream consumer-1[Establishing connection]] INFO  twitter4j.TwitterStreamImpl - Waiting for 240000 milliseconds
2021-04-26 20:54:16 [Twitter Stream consumer-1[Waiting for 240000 milliseconds]] INFO  twitter4j.TwitterStreamImpl - Establishing connection.
2021-04-26 20:54:17 [Twitter Stream consumer-1[Establishing connection]] INFO  twitter4j.TwitterStreamImpl - 401:Authentication credentials (https://dev.twitter.com/pages/auth) were missing or incorrect. Ensure that you have set valid consumer key/secret, access token/secret, and the system clock is in sync.
<html>\n<head>\n<meta http-equiv="Content-Type" content="text/html; charset=utf-8"/>\n<title>Error 401 Unauthorized</title>
</head>
<body>
<h2>HTTP ERROR: 401</h2>
<p>Problem accessing '/1.1/statuses/filter.json'. Reason:
<pre>    Unauthorized</pre>
</body>
</html>

2021-04-26 20:54:17 [Twitter Stream consumer-1[Establishing connection]] INFO  twitter4j.TwitterStreamImpl - Waiting for 240000 milliseconds
2021-04-26 20:58:17 [Twitter Stream consumer-1[Waiting for 240000 milliseconds]] INFO  twitter4j.TwitterStreamImpl - Establishing connection.
2021-04-26 20:58:17 [Twitter Stream consumer-1[Establishing connection]] INFO  twitter4j.TwitterStreamImpl - 401:Authentication credentials (https://dev.twitter.com/pages/auth) were missing or incorrect. Ensure that you have set valid consumer key/secret, access token/secret, and the system clock is in sync.
<html>\n<head>\n<meta http-equiv="Content-Type" content="text/html; charset=utf-8"/>\n<title>Error 401 Unauthorized</title>
</head>
<body>
<h2>HTTP ERROR: 401</h2>
<p>Problem accessing '/1.1/statuses/filter.json'. Reason:
<pre>    Unauthorized</pre>
</body>
</html>

2021-04-26 20:58:17 [Twitter Stream consumer-1[Establishing connection]] INFO  twitter4j.TwitterStreamImpl - Waiting for 240000 milliseconds
2021-04-26 21:02:17 [Twitter Stream consumer-1[Waiting for 240000 milliseconds]] INFO  twitter4j.TwitterStreamImpl - Establishing connection.
2021-04-26 21:02:18 [Twitter Stream consumer-1[Establishing connection]] INFO  twitter4j.TwitterStreamImpl - 401:Authentication credentials (https://dev.twitter.com/pages/auth) were missing or incorrect. Ensure that you have set valid consumer key/secret, access token/secret, and the system clock is in sync.
<html>\n<head>\n<meta http-equiv="Content-Type" content="text/html; charset=utf-8"/>\n<title>Error 401 Unauthorized</title>
</head>
<body>
<h2>HTTP ERROR: 401</h2>
<p>Problem accessing '/1.1/statuses/filter.json'. Reason:
<pre>    Unauthorized</pre>
</body>
</html>

2021-04-26 21:02:18 [Twitter Stream consumer-1[Establishing connection]] INFO  twitter4j.TwitterStreamImpl - Waiting for 240000 milliseconds
2021-04-26 21:06:18 [Twitter Stream consumer-1[Waiting for 240000 milliseconds]] INFO  twitter4j.TwitterStreamImpl - Establishing connection.
2021-04-26 21:06:19 [Twitter Stream consumer-1[Establishing connection]] INFO  twitter4j.TwitterStreamImpl - 401:Authentication credentials (https://dev.twitter.com/pages/auth) were missing or incorrect. Ensure that you have set valid consumer key/secret, access token/secret, and the system clock is in sync.
<html>\n<head>\n<meta http-equiv="Content-Type" content="text/html; charset=utf-8"/>\n<title>Error 401 Unauthorized</title>
</head>
<body>
<h2>HTTP ERROR: 401</h2>
<p>Problem accessing '/1.1/statuses/filter.json'. Reason:
<pre>    Unauthorized</pre>
</body>
</html>

2021-04-26 21:06:19 [Twitter Stream consumer-1[Establishing connection]] INFO  twitter4j.TwitterStreamImpl - Waiting for 240000 milliseconds
2021-04-26 21:10:19 [Twitter Stream consumer-1[Waiting for 240000 milliseconds]] INFO  twitter4j.TwitterStreamImpl - Establishing connection.
2021-04-26 21:10:20 [Twitter Stream consumer-1[Establishing connection]] INFO  twitter4j.TwitterStreamImpl - 401:Authentication credentials (https://dev.twitter.com/pages/auth) were missing or incorrect. Ensure that you have set valid consumer key/secret, access token/secret, and the system clock is in sync.
<html>\n<head>\n<meta http-equiv="Content-Type" content="text/html; charset=utf-8"/>\n<title>Error 401 Unauthorized</title>
</head>
<body>
<h2>HTTP ERROR: 401</h2>
<p>Problem accessing '/1.1/statuses/filter.json'. Reason:
<pre>    Unauthorized</pre>
</body>
</html>

2021-04-26 21:10:20 [Twitter Stream consumer-1[Establishing connection]] INFO  twitter4j.TwitterStreamImpl - Waiting for 240000 milliseconds
2021-04-26 21:14:20 [Twitter Stream consumer-1[Waiting for 240000 milliseconds]] INFO  twitter4j.TwitterStreamImpl - Establishing connection.
2021-04-26 21:14:21 [Twitter Stream consumer-1[Establishing connection]] INFO  twitter4j.TwitterStreamImpl - 401:Authentication credentials (https://dev.twitter.com/pages/auth) were missing or incorrect. Ensure that you have set valid consumer key/secret, access token/secret, and the system clock is in sync.
<html>\n<head>\n<meta http-equiv="Content-Type" content="text/html; charset=utf-8"/>\n<title>Error 401 Unauthorized</title>
</head>
<body>
<h2>HTTP ERROR: 401</h2>
<p>Problem accessing '/1.1/statuses/filter.json'. Reason:
<pre>    Unauthorized</pre>
</body>
</html>

2021-04-26 21:14:21 [Twitter Stream consumer-1[Establishing connection]] INFO  twitter4j.TwitterStreamImpl - Waiting for 240000 milliseconds
2021-04-26 21:18:21 [Twitter Stream consumer-1[Waiting for 240000 milliseconds]] INFO  twitter4j.TwitterStreamImpl - Establishing connection.
2021-04-26 21:18:22 [Twitter Stream consumer-1[Establishing connection]] INFO  twitter4j.TwitterStreamImpl - 401:Authentication credentials (https://dev.twitter.com/pages/auth) were missing or incorrect. Ensure that you have set valid consumer key/secret, access token/secret, and the system clock is in sync.
<html>\n<head>\n<meta http-equiv="Content-Type" content="text/html; charset=utf-8"/>\n<title>Error 401 Unauthorized</title>
</head>
<body>
<h2>HTTP ERROR: 401</h2>
<p>Problem accessing '/1.1/statuses/filter.json'. Reason:
<pre>    Unauthorized</pre>
</body>
</html>

2021-04-26 21:18:22 [Twitter Stream consumer-1[Establishing connection]] INFO  twitter4j.TwitterStreamImpl - Waiting for 240000 milliseconds
2021-04-26 21:22:22 [Twitter Stream consumer-1[Waiting for 240000 milliseconds]] INFO  twitter4j.TwitterStreamImpl - Establishing connection.
2021-04-26 21:22:23 [Twitter Stream consumer-1[Establishing connection]] INFO  twitter4j.TwitterStreamImpl - 401:Authentication credentials (https://dev.twitter.com/pages/auth) were missing or incorrect. Ensure that you have set valid consumer key/secret, access token/secret, and the system clock is in sync.
<html>\n<head>\n<meta http-equiv="Content-Type" content="text/html; charset=utf-8"/>\n<title>Error 401 Unauthorized</title>
</head>
<body>
<h2>HTTP ERROR: 401</h2>
<p>Problem accessing '/1.1/statuses/filter.json'. Reason:
<pre>    Unauthorized</pre>
</body>
</html>

2021-04-26 21:22:23 [Twitter Stream consumer-1[Establishing connection]] INFO  twitter4j.TwitterStreamImpl - Waiting for 240000 milliseconds
2021-04-26 21:26:23 [Twitter Stream consumer-1[Waiting for 240000 milliseconds]] INFO  twitter4j.TwitterStreamImpl - Establishing connection.
2021-04-26 21:26:25 [Twitter Stream consumer-1[Establishing connection]] INFO  twitter4j.TwitterStreamImpl - 401:Authentication credentials (https://dev.twitter.com/pages/auth) were missing or incorrect. Ensure that you have set valid consumer key/secret, access token/secret, and the system clock is in sync.
<html>\n<head>\n<meta http-equiv="Content-Type" content="text/html; charset=utf-8"/>\n<title>Error 401 Unauthorized</title>
</head>
<body>
<h2>HTTP ERROR: 401</h2>
<p>Problem accessing '/1.1/statuses/filter.json'. Reason:
<pre>    Unauthorized</pre>
</body>
</html>

2021-04-26 21:26:25 [Twitter Stream consumer-1[Establishing connection]] INFO  twitter4j.TwitterStreamImpl - Waiting for 240000 milliseconds
2021-04-26 21:30:25 [Twitter Stream consumer-1[Waiting for 240000 milliseconds]] INFO  twitter4j.TwitterStreamImpl - Establishing connection.
2021-04-26 21:30:26 [Twitter Stream consumer-1[Establishing connection]] INFO  twitter4j.TwitterStreamImpl - 401:Authentication credentials (https://dev.twitter.com/pages/auth) were missing or incorrect. Ensure that you have set valid consumer key/secret, access token/secret, and the system clock is in sync.
<html>\n<head>\n<meta http-equiv="Content-Type" content="text/html; charset=utf-8"/>\n<title>Error 401 Unauthorized</title>
</head>
<body>
<h2>HTTP ERROR: 401</h2>
<p>Problem accessing '/1.1/statuses/filter.json'. Reason:
<pre>    Unauthorized</pre>
</body>
</html>

2021-04-26 21:30:26 [Twitter Stream consumer-1[Establishing connection]] INFO  twitter4j.TwitterStreamImpl - Waiting for 240000 milliseconds
2021-04-26 21:34:26 [Twitter Stream consumer-1[Waiting for 240000 milliseconds]] INFO  twitter4j.TwitterStreamImpl - Establishing connection.
2021-04-26 21:34:27 [Twitter Stream consumer-1[Establishing connection]] INFO  twitter4j.TwitterStreamImpl - 401:Authentication credentials (https://dev.twitter.com/pages/auth) were missing or incorrect. Ensure that you have set valid consumer key/secret, access token/secret, and the system clock is in sync.
<html>\n<head>\n<meta http-equiv="Content-Type" content="text/html; charset=utf-8"/>\n<title>Error 401 Unauthorized</title>
</head>
<body>
<h2>HTTP ERROR: 401</h2>
<p>Problem accessing '/1.1/statuses/filter.json'. Reason:
<pre>    Unauthorized</pre>
</body>
</html>

2021-04-26 21:34:27 [Twitter Stream consumer-1[Establishing connection]] INFO  twitter4j.TwitterStreamImpl - Waiting for 240000 milliseconds
2021-04-26 21:38:27 [Twitter Stream consumer-1[Waiting for 240000 milliseconds]] INFO  twitter4j.TwitterStreamImpl - Establishing connection.
2021-04-26 21:38:28 [Twitter Stream consumer-1[Establishing connection]] INFO  twitter4j.TwitterStreamImpl - 401:Authentication credentials (https://dev.twitter.com/pages/auth) were missing or incorrect. Ensure that you have set valid consumer key/secret, access token/secret, and the system clock is in sync.
<html>\n<head>\n<meta http-equiv="Content-Type" content="text/html; charset=utf-8"/>\n<title>Error 401 Unauthorized</title>
</head>
<body>
<h2>HTTP ERROR: 401</h2>
<p>Problem accessing '/1.1/statuses/filter.json'. Reason:
<pre>    Unauthorized</pre>
</body>
</html>

2021-04-26 21:38:28 [Twitter Stream consumer-1[Establishing connection]] INFO  twitter4j.TwitterStreamImpl - Waiting for 240000 milliseconds
2021-04-26 21:42:28 [Twitter Stream consumer-1[Waiting for 240000 milliseconds]] INFO  twitter4j.TwitterStreamImpl - Establishing connection.
2021-04-26 21:42:28 [Twitter Stream consumer-1[Establishing connection]] INFO  twitter4j.TwitterStreamImpl - 401:Authentication credentials (https://dev.twitter.com/pages/auth) were missing or incorrect. Ensure that you have set valid consumer key/secret, access token/secret, and the system clock is in sync.
<html>\n<head>\n<meta http-equiv="Content-Type" content="text/html; charset=utf-8"/>\n<title>Error 401 Unauthorized</title>
</head>
<body>
<h2>HTTP ERROR: 401</h2>
<p>Problem accessing '/1.1/statuses/filter.json'. Reason:
<pre>    Unauthorized</pre>
</body>
</html>

2021-04-26 21:42:28 [Twitter Stream consumer-1[Establishing connection]] INFO  twitter4j.TwitterStreamImpl - Waiting for 240000 milliseconds
2021-04-26 21:46:28 [Twitter Stream consumer-1[Waiting for 240000 milliseconds]] INFO  twitter4j.TwitterStreamImpl - Establishing connection.
2021-04-26 21:46:29 [Twitter Stream consumer-1[Establishing connection]] INFO  twitter4j.TwitterStreamImpl - 401:Authentication credentials (https://dev.twitter.com/pages/auth) were missing or incorrect. Ensure that you have set valid consumer key/secret, access token/secret, and the system clock is in sync.
<html>\n<head>\n<meta http-equiv="Content-Type" content="text/html; charset=utf-8"/>\n<title>Error 401 Unauthorized</title>
</head>
<body>
<h2>HTTP ERROR: 401</h2>
<p>Problem accessing '/1.1/statuses/filter.json'. Reason:
<pre>    Unauthorized</pre>
</body>
</html>

2021-04-26 21:46:29 [Twitter Stream consumer-1[Establishing connection]] INFO  twitter4j.TwitterStreamImpl - Waiting for 240000 milliseconds
2021-04-26 21:50:29 [Twitter Stream consumer-1[Waiting for 240000 milliseconds]] INFO  twitter4j.TwitterStreamImpl - Establishing connection.
2021-04-26 21:50:30 [Twitter Stream consumer-1[Establishing connection]] INFO  twitter4j.TwitterStreamImpl - 401:Authentication credentials (https://dev.twitter.com/pages/auth) were missing or incorrect. Ensure that you have set valid consumer key/secret, access token/secret, and the system clock is in sync.
<html>\n<head>\n<meta http-equiv="Content-Type" content="text/html; charset=utf-8"/>\n<title>Error 401 Unauthorized</title>
</head>
<body>
<h2>HTTP ERROR: 401</h2>
<p>Problem accessing '/1.1/statuses/filter.json'. Reason:
<pre>    Unauthorized</pre>
</body>
</html>

2021-04-26 21:50:30 [Twitter Stream consumer-1[Establishing connection]] INFO  twitter4j.TwitterStreamImpl - Waiting for 240000 milliseconds
2021-04-26 21:54:30 [Twitter Stream consumer-1[Waiting for 240000 milliseconds]] INFO  twitter4j.TwitterStreamImpl - Establishing connection.
2021-04-26 21:54:31 [Twitter Stream consumer-1[Establishing connection]] INFO  twitter4j.TwitterStreamImpl - 401:Authentication credentials (https://dev.twitter.com/pages/auth) were missing or incorrect. Ensure that you have set valid consumer key/secret, access token/secret, and the system clock is in sync.
<html>\n<head>\n<meta http-equiv="Content-Type" content="text/html; charset=utf-8"/>\n<title>Error 401 Unauthorized</title>
</head>
<body>
<h2>HTTP ERROR: 401</h2>
<p>Problem accessing '/1.1/statuses/filter.json'. Reason:
<pre>    Unauthorized</pre>
</body>
</html>

2021-04-26 21:54:31 [Twitter Stream consumer-1[Establishing connection]] INFO  twitter4j.TwitterStreamImpl - Waiting for 240000 milliseconds
2021-04-26 21:58:31 [Twitter Stream consumer-1[Waiting for 240000 milliseconds]] INFO  twitter4j.TwitterStreamImpl - Establishing connection.
2021-04-26 21:58:32 [Twitter Stream consumer-1[Establishing connection]] INFO  twitter4j.TwitterStreamImpl - 401:Authentication credentials (https://dev.twitter.com/pages/auth) were missing or incorrect. Ensure that you have set valid consumer key/secret, access token/secret, and the system clock is in sync.
<html>\n<head>\n<meta http-equiv="Content-Type" content="text/html; charset=utf-8"/>\n<title>Error 401 Unauthorized</title>
</head>
<body>
<h2>HTTP ERROR: 401</h2>
<p>Problem accessing '/1.1/statuses/filter.json'. Reason:
<pre>    Unauthorized</pre>
</body>
</html>

2021-04-26 21:58:32 [Twitter Stream consumer-1[Establishing connection]] INFO  twitter4j.TwitterStreamImpl - Waiting for 240000 milliseconds
2021-04-26 22:02:32 [Twitter Stream consumer-1[Waiting for 240000 milliseconds]] INFO  twitter4j.TwitterStreamImpl - Establishing connection.
2021-04-26 22:02:33 [Twitter Stream consumer-1[Establishing connection]] INFO  twitter4j.TwitterStreamImpl - 401:Authentication credentials (https://dev.twitter.com/pages/auth) were missing or incorrect. Ensure that you have set valid consumer key/secret, access token/secret, and the system clock is in sync.
<html>\n<head>\n<meta http-equiv="Content-Type" content="text/html; charset=utf-8"/>\n<title>Error 401 Unauthorized</title>
</head>
<body>
<h2>HTTP ERROR: 401</h2>
<p>Problem accessing '/1.1/statuses/filter.json'. Reason:
<pre>    Unauthorized</pre>
</body>
</html>

2021-04-26 22:02:33 [Twitter Stream consumer-1[Establishing connection]] INFO  twitter4j.TwitterStreamImpl - Waiting for 240000 milliseconds
2021-04-26 22:06:33 [Twitter Stream consumer-1[Waiting for 240000 milliseconds]] INFO  twitter4j.TwitterStreamImpl - Establishing connection.
2021-04-26 22:06:34 [Twitter Stream consumer-1[Establishing connection]] INFO  twitter4j.TwitterStreamImpl - 401:Authentication credentials (https://dev.twitter.com/pages/auth) were missing or incorrect. Ensure that you have set valid consumer key/secret, access token/secret, and the system clock is in sync.
<html>\n<head>\n<meta http-equiv="Content-Type" content="text/html; charset=utf-8"/>\n<title>Error 401 Unauthorized</title>
</head>
<body>
<h2>HTTP ERROR: 401</h2>
<p>Problem accessing '/1.1/statuses/filter.json'. Reason:
<pre>    Unauthorized</pre>
</body>
</html>

2021-04-26 22:06:34 [Twitter Stream consumer-1[Establishing connection]] INFO  twitter4j.TwitterStreamImpl - Waiting for 240000 milliseconds
2021-04-26 22:10:34 [Twitter Stream consumer-1[Waiting for 240000 milliseconds]] INFO  twitter4j.TwitterStreamImpl - Establishing connection.
2021-04-26 22:10:35 [Twitter Stream consumer-1[Establishing connection]] INFO  twitter4j.TwitterStreamImpl - 401:Authentication credentials (https://dev.twitter.com/pages/auth) were missing or incorrect. Ensure that you have set valid consumer key/secret, access token/secret, and the system clock is in sync.
<html>\n<head>\n<meta http-equiv="Content-Type" content="text/html; charset=utf-8"/>\n<title>Error 401 Unauthorized</title>
</head>
<body>
<h2>HTTP ERROR: 401</h2>
<p>Problem accessing '/1.1/statuses/filter.json'. Reason:
<pre>    Unauthorized</pre>
</body>
</html>

2021-04-26 22:10:35 [Twitter Stream consumer-1[Establishing connection]] INFO  twitter4j.TwitterStreamImpl - Waiting for 240000 milliseconds
2021-04-26 22:14:35 [Twitter Stream consumer-1[Waiting for 240000 milliseconds]] INFO  twitter4j.TwitterStreamImpl - Establishing connection.
2021-04-26 22:14:36 [Twitter Stream consumer-1[Establishing connection]] INFO  twitter4j.TwitterStreamImpl - 401:Authentication credentials (https://dev.twitter.com/pages/auth) were missing or incorrect. Ensure that you have set valid consumer key/secret, access token/secret, and the system clock is in sync.
<html>\n<head>\n<meta http-equiv="Content-Type" content="text/html; charset=utf-8"/>\n<title>Error 401 Unauthorized</title>
</head>
<body>
<h2>HTTP ERROR: 401</h2>
<p>Problem accessing '/1.1/statuses/filter.json'. Reason:
<pre>    Unauthorized</pre>
</body>
</html>

2021-04-26 22:14:36 [Twitter Stream consumer-1[Establishing connection]] INFO  twitter4j.TwitterStreamImpl - Waiting for 240000 milliseconds
2021-04-26 22:18:36 [Twitter Stream consumer-1[Waiting for 240000 milliseconds]] INFO  twitter4j.TwitterStreamImpl - Establishing connection.
2021-04-26 22:18:39 [Twitter Stream consumer-1[Establishing connection]] INFO  twitter4j.TwitterStreamImpl - 401:Authentication credentials (https://dev.twitter.com/pages/auth) were missing or incorrect. Ensure that you have set valid consumer key/secret, access token/secret, and the system clock is in sync.
<html>\n<head>\n<meta http-equiv="Content-Type" content="text/html; charset=utf-8"/>\n<title>Error 401 Unauthorized</title>
</head>
<body>
<h2>HTTP ERROR: 401</h2>
<p>Problem accessing '/1.1/statuses/filter.json'. Reason:
<pre>    Unauthorized</pre>
</body>
</html>

2021-04-26 22:18:39 [Twitter Stream consumer-1[Establishing connection]] INFO  twitter4j.TwitterStreamImpl - Waiting for 240000 milliseconds
2021-04-26 22:22:39 [Twitter Stream consumer-1[Waiting for 240000 milliseconds]] INFO  twitter4j.TwitterStreamImpl - Establishing connection.
2021-04-26 22:22:40 [Twitter Stream consumer-1[Establishing connection]] INFO  twitter4j.TwitterStreamImpl - 401:Authentication credentials (https://dev.twitter.com/pages/auth) were missing or incorrect. Ensure that you have set valid consumer key/secret, access token/secret, and the system clock is in sync.
<html>\n<head>\n<meta http-equiv="Content-Type" content="text/html; charset=utf-8"/>\n<title>Error 401 Unauthorized</title>
</head>
<body>
<h2>HTTP ERROR: 401</h2>
<p>Problem accessing '/1.1/statuses/filter.json'. Reason:
<pre>    Unauthorized</pre>
</body>
</html>

2021-04-26 22:22:40 [Twitter Stream consumer-1[Establishing connection]] INFO  twitter4j.TwitterStreamImpl - Waiting for 240000 milliseconds
2021-04-26 22:26:40 [Twitter Stream consumer-1[Waiting for 240000 milliseconds]] INFO  twitter4j.TwitterStreamImpl - Establishing connection.
2021-04-26 22:26:42 [Twitter Stream consumer-1[Establishing connection]] INFO  twitter4j.TwitterStreamImpl - 401:Authentication credentials (https://dev.twitter.com/pages/auth) were missing or incorrect. Ensure that you have set valid consumer key/secret, access token/secret, and the system clock is in sync.
<html>\n<head>\n<meta http-equiv="Content-Type" content="text/html; charset=utf-8"/>\n<title>Error 401 Unauthorized</title>
</head>
<body>
<h2>HTTP ERROR: 401</h2>
<p>Problem accessing '/1.1/statuses/filter.json'. Reason:
<pre>    Unauthorized</pre>
</body>
</html>

2021-04-26 22:26:42 [Twitter Stream consumer-1[Establishing connection]] INFO  twitter4j.TwitterStreamImpl - Waiting for 240000 milliseconds
2021-04-26 22:30:42 [Twitter Stream consumer-1[Waiting for 240000 milliseconds]] INFO  twitter4j.TwitterStreamImpl - Establishing connection.
2021-04-26 22:30:43 [Twitter Stream consumer-1[Establishing connection]] INFO  twitter4j.TwitterStreamImpl - 401:Authentication credentials (https://dev.twitter.com/pages/auth) were missing or incorrect. Ensure that you have set valid consumer key/secret, access token/secret, and the system clock is in sync.
<html>\n<head>\n<meta http-equiv="Content-Type" content="text/html; charset=utf-8"/>\n<title>Error 401 Unauthorized</title>
</head>
<body>
<h2>HTTP ERROR: 401</h2>
<p>Problem accessing '/1.1/statuses/filter.json'. Reason:
<pre>    Unauthorized</pre>
</body>
</html>

2021-04-26 22:30:43 [Twitter Stream consumer-1[Establishing connection]] INFO  twitter4j.TwitterStreamImpl - Waiting for 240000 milliseconds
2021-04-26 22:34:43 [Twitter Stream consumer-1[Waiting for 240000 milliseconds]] INFO  twitter4j.TwitterStreamImpl - Establishing connection.
2021-04-26 22:34:45 [Twitter Stream consumer-1[Establishing connection]] INFO  twitter4j.TwitterStreamImpl - 401:Authentication credentials (https://dev.twitter.com/pages/auth) were missing or incorrect. Ensure that you have set valid consumer key/secret, access token/secret, and the system clock is in sync.
<html>\n<head>\n<meta http-equiv="Content-Type" content="text/html; charset=utf-8"/>\n<title>Error 401 Unauthorized</title>
</head>
<body>
<h2>HTTP ERROR: 401</h2>
<p>Problem accessing '/1.1/statuses/filter.json'. Reason:
<pre>    Unauthorized</pre>
</body>
</html>

2021-04-26 22:34:45 [Twitter Stream consumer-1[Establishing connection]] INFO  twitter4j.TwitterStreamImpl - Waiting for 240000 milliseconds
2021-04-26 22:35:39 [main] INFO  c.m.d.t.t.k.s.TwitterToKafkaServiceApplication - Starting TwitterToKafkaServiceApplication using Java 11.0.10 on DESKTOP-IMPVB2T with PID 7504 (C:\Users\Anonymous\Desktop\micro\microservices-demo\twitter-to-kafka-service\target\classes started by Anonymous in C:\Users\Anonymous\Desktop\micro\microservices-demo)
2021-04-26 22:35:39 [main] INFO  c.m.d.t.t.k.s.TwitterToKafkaServiceApplication - No active profile set, falling back to default profiles: default
2021-04-26 22:35:40 [main] INFO  c.m.d.t.t.k.s.TwitterToKafkaServiceApplication - Started TwitterToKafkaServiceApplication in 0.961 seconds (JVM running for 2.475)
2021-04-26 22:35:40 [main] INFO  c.m.d.t.t.k.s.TwitterToKafkaServiceApplication - Hello world
2021-04-26 22:35:40 [main] INFO  c.m.d.t.t.k.s.TwitterToKafkaServiceApplication - [Java, Microservices, Spring, Kafka, Elasticsearch]
2021-04-26 22:35:40 [main] INFO  c.m.d.t.t.k.s.TwitterToKafkaServiceApplication - Hello microservices!
2021-04-26 22:35:40 [main] INFO  c.m.d.t.t.k.s.r.I.MockKafkaStreamRunner - Starting mock filtering twitter streams for keywords [Java, Microservices, Spring, Kafka, Elasticsearch]
2021-04-26 22:35:40 [pool-1-thread-1] ERROR c.m.d.t.t.k.s.r.I.MockKafkaStreamRunner - Error creating twitter status
twitter4j.TwitterException: Unterminated object at character 157 of {"created_at":"Mon Apr 26 22:35:40 EEST 2021", "id":"611744148143985364", "text":"Subin Mat Lam Tam Stim Biodex Kafka Voyatouch Stim Pannier", "user":"{id}":"2819528264306647646"}}
	at twitter4j.TwitterObjectFactory.createStatus(TwitterObjectFactory.java:57)
	at com.microservices.demo.twitter.to.kafka.service.runner.Impl.MockKafkaStreamRunner.lambda$simulateTwitterStream$0(MockKafkaStreamRunner.java:98)
	at java.base/java.util.concurrent.Executors$RunnableAdapter.call(Executors.java:515)
	at java.base/java.util.concurrent.FutureTask.run(FutureTask.java:264)
	at java.base/java.util.concurrent.ThreadPoolExecutor.runWorker(ThreadPoolExecutor.java:1128)
	at java.base/java.util.concurrent.ThreadPoolExecutor$Worker.run(ThreadPoolExecutor.java:628)
	at java.base/java.lang.Thread.run(Thread.java:834)
Caused by: twitter4j.JSONException: Unterminated object at character 157 of {"created_at":"Mon Apr 26 22:35:40 EEST 2021", "id":"611744148143985364", "text":"Subin Mat Lam Tam Stim Biodex Kafka Voyatouch Stim Pannier", "user":"{id}":"2819528264306647646"}}
	at twitter4j.JSONTokener.syntaxError(JSONTokener.java:486)
	at twitter4j.JSONTokener.readObject(JSONTokener.java:427)
	at twitter4j.JSONTokener.nextValue(JSONTokener.java:130)
	at twitter4j.JSONObject.<init>(JSONObject.java:167)
	at twitter4j.JSONObject.<init>(JSONObject.java:184)
	at twitter4j.TwitterObjectFactory.createStatus(TwitterObjectFactory.java:55)
	... 6 common frames omitted
2021-04-26 22:37:29 [main] INFO  c.m.d.t.t.k.s.TwitterToKafkaServiceApplication - Starting TwitterToKafkaServiceApplication using Java 11.0.10 on DESKTOP-IMPVB2T with PID 13016 (C:\Users\Anonymous\Desktop\micro\microservices-demo\twitter-to-kafka-service\target\classes started by Anonymous in C:\Users\Anonymous\Desktop\micro\microservices-demo)
2021-04-26 22:37:29 [main] INFO  c.m.d.t.t.k.s.TwitterToKafkaServiceApplication - No active profile set, falling back to default profiles: default
2021-04-26 22:37:29 [main] INFO  c.m.d.t.t.k.s.TwitterToKafkaServiceApplication - Started TwitterToKafkaServiceApplication in 0.828 seconds (JVM running for 2.042)
2021-04-26 22:37:29 [main] INFO  c.m.d.t.t.k.s.TwitterToKafkaServiceApplication - Hello world
2021-04-26 22:37:29 [main] INFO  c.m.d.t.t.k.s.TwitterToKafkaServiceApplication - [Java, Microservices, Spring, Kafka, Elasticsearch]
2021-04-26 22:37:29 [main] INFO  c.m.d.t.t.k.s.TwitterToKafkaServiceApplication - Hello microservices!
2021-04-26 22:37:29 [main] INFO  c.m.d.t.t.k.s.r.I.MockKafkaStreamRunner - Starting mock filtering twitter streams for keywords [Java, Microservices, Spring, Kafka, Elasticsearch]
2021-04-26 22:37:30 [pool-1-thread-1] ERROR c.m.d.t.t.k.s.r.I.MockKafkaStreamRunner - Error creating twitter status
twitter4j.TwitterException: Unterminated object at character 217 of {"created_at":"Mon Apr 26 22:37:29 EEST 2021", "id":"1448578244131803322", "text":"Veribet Bitwolf Pannier Bytecard Mat Lam Tam Pannier Voyatouch Java Cardguard Trippledex Andalax Bytecard Trippledex", "user":"{{id}":"2647999806897831197"}}
	at twitter4j.TwitterObjectFactory.createStatus(TwitterObjectFactory.java:57)
	at com.microservices.demo.twitter.to.kafka.service.runner.Impl.MockKafkaStreamRunner.lambda$simulateTwitterStream$0(MockKafkaStreamRunner.java:98)
	at java.base/java.util.concurrent.Executors$RunnableAdapter.call(Executors.java:515)
	at java.base/java.util.concurrent.FutureTask.run(FutureTask.java:264)
	at java.base/java.util.concurrent.ThreadPoolExecutor.runWorker(ThreadPoolExecutor.java:1128)
	at java.base/java.util.concurrent.ThreadPoolExecutor$Worker.run(ThreadPoolExecutor.java:628)
	at java.base/java.lang.Thread.run(Thread.java:834)
Caused by: twitter4j.JSONException: Unterminated object at character 217 of {"created_at":"Mon Apr 26 22:37:29 EEST 2021", "id":"1448578244131803322", "text":"Veribet Bitwolf Pannier Bytecard Mat Lam Tam Pannier Voyatouch Java Cardguard Trippledex Andalax Bytecard Trippledex", "user":"{{id}":"2647999806897831197"}}
	at twitter4j.JSONTokener.syntaxError(JSONTokener.java:486)
	at twitter4j.JSONTokener.readObject(JSONTokener.java:427)
	at twitter4j.JSONTokener.nextValue(JSONTokener.java:130)
	at twitter4j.JSONObject.<init>(JSONObject.java:167)
	at twitter4j.JSONObject.<init>(JSONObject.java:184)
	at twitter4j.TwitterObjectFactory.createStatus(TwitterObjectFactory.java:55)
	... 6 common frames omitted
2021-04-26 22:38:03 [main] INFO  c.m.d.t.t.k.s.TwitterToKafkaServiceApplication - Starting TwitterToKafkaServiceApplication using Java 11.0.10 on DESKTOP-IMPVB2T with PID 14132 (C:\Users\Anonymous\Desktop\micro\microservices-demo\twitter-to-kafka-service\target\classes started by Anonymous in C:\Users\Anonymous\Desktop\micro\microservices-demo)
2021-04-26 22:38:03 [main] INFO  c.m.d.t.t.k.s.TwitterToKafkaServiceApplication - No active profile set, falling back to default profiles: default
2021-04-26 22:38:03 [main] INFO  c.m.d.t.t.k.s.TwitterToKafkaServiceApplication - Started TwitterToKafkaServiceApplication in 0.846 seconds (JVM running for 2.069)
2021-04-26 22:38:03 [main] INFO  c.m.d.t.t.k.s.TwitterToKafkaServiceApplication - Hello world
2021-04-26 22:38:03 [main] INFO  c.m.d.t.t.k.s.TwitterToKafkaServiceApplication - [Java, Microservices, Spring, Kafka, Elasticsearch]
2021-04-26 22:38:03 [main] INFO  c.m.d.t.t.k.s.TwitterToKafkaServiceApplication - Hello microservices!
2021-04-26 22:38:03 [main] INFO  c.m.d.t.t.k.s.r.I.MockKafkaStreamRunner - Starting mock filtering twitter streams for keywords [Java, Microservices, Spring, Kafka, Elasticsearch]
2021-04-26 22:38:03 [pool-1-thread-1] ERROR c.m.d.t.t.k.s.r.I.MockKafkaStreamRunner - Error creating twitter status
twitter4j.TwitterException: Unterminated object at character 159 of {"created_at":"Mon Apr 26 22:38:03 EEST 2021", "id":"778566613628047089", "text":"Prodder Namfix Keylex Mat Lam Tam Microservices Alpha Konklux", "user":"{id":"2609904125068278520"}}
	at twitter4j.TwitterObjectFactory.createStatus(TwitterObjectFactory.java:57)
	at com.microservices.demo.twitter.to.kafka.service.runner.Impl.MockKafkaStreamRunner.lambda$simulateTwitterStream$0(MockKafkaStreamRunner.java:98)
	at java.base/java.util.concurrent.Executors$RunnableAdapter.call(Executors.java:515)
	at java.base/java.util.concurrent.FutureTask.run(FutureTask.java:264)
	at java.base/java.util.concurrent.ThreadPoolExecutor.runWorker(ThreadPoolExecutor.java:1128)
	at java.base/java.util.concurrent.ThreadPoolExecutor$Worker.run(ThreadPoolExecutor.java:628)
	at java.base/java.lang.Thread.run(Thread.java:834)
Caused by: twitter4j.JSONException: Unterminated object at character 159 of {"created_at":"Mon Apr 26 22:38:03 EEST 2021", "id":"778566613628047089", "text":"Prodder Namfix Keylex Mat Lam Tam Microservices Alpha Konklux", "user":"{id":"2609904125068278520"}}
	at twitter4j.JSONTokener.syntaxError(JSONTokener.java:486)
	at twitter4j.JSONTokener.readObject(JSONTokener.java:427)
	at twitter4j.JSONTokener.nextValue(JSONTokener.java:130)
	at twitter4j.JSONObject.<init>(JSONObject.java:167)
	at twitter4j.JSONObject.<init>(JSONObject.java:184)
	at twitter4j.TwitterObjectFactory.createStatus(TwitterObjectFactory.java:55)
	... 6 common frames omitted
2021-04-26 22:39:06 [main] INFO  c.m.d.t.t.k.s.TwitterToKafkaServiceApplication - Starting TwitterToKafkaServiceApplication using Java 11.0.10 on DESKTOP-IMPVB2T with PID 13208 (C:\Users\Anonymous\Desktop\micro\microservices-demo\twitter-to-kafka-service\target\classes started by Anonymous in C:\Users\Anonymous\Desktop\micro\microservices-demo)
2021-04-26 22:39:06 [main] INFO  c.m.d.t.t.k.s.TwitterToKafkaServiceApplication - No active profile set, falling back to default profiles: default
2021-04-26 22:39:07 [main] INFO  c.m.d.t.t.k.s.TwitterToKafkaServiceApplication - Started TwitterToKafkaServiceApplication in 0.858 seconds (JVM running for 2.085)
2021-04-26 22:39:07 [main] INFO  c.m.d.t.t.k.s.TwitterToKafkaServiceApplication - Hello world
2021-04-26 22:39:07 [main] INFO  c.m.d.t.t.k.s.TwitterToKafkaServiceApplication - [Java, Microservices, Spring, Kafka, Elasticsearch]
2021-04-26 22:39:07 [main] INFO  c.m.d.t.t.k.s.TwitterToKafkaServiceApplication - Hello microservices!
2021-04-26 22:39:07 [main] INFO  c.m.d.t.t.k.s.r.I.MockKafkaStreamRunner - Starting mock filtering twitter streams for keywords [Java, Microservices, Spring, Kafka, Elasticsearch]
2021-04-26 22:39:07 [pool-1-thread-1] INFO  c.m.d.t.t.k.s.l.TwitterKafkaStatusListener - Twitter status with text Prodder Veribet Fix San Toughjoyfax Keylex Bytecard Gembucket Microservices Mat Lam Tam Voyatouch Pannier Bitwolf Subin
2021-04-26 22:39:17 [pool-1-thread-1] INFO  c.m.d.t.t.k.s.l.TwitterKafkaStatusListener - Twitter status with text Voyatouch Namfix Lotlux Alpha Overhold Prodder Lotlux Java Subin Bytecard Konklux Stim Voyatouch Zathin
2021-04-26 22:39:27 [pool-1-thread-1] INFO  c.m.d.t.t.k.s.l.TwitterKafkaStatusListener - Twitter status with text Biodex Transcof Span Bitwolf Trippledex Trippledex Tres-Zap Kafka Subin Zathin Toughjoyfax Alpha Konklux Cardguard
2021-04-26 22:39:37 [pool-1-thread-1] INFO  c.m.d.t.t.k.s.l.TwitterKafkaStatusListener - Twitter status with text Fix San Subin Overhold Subin Elasticsearch Namfix Voyatouch Lotstring
2021-04-26 23:43:56 [main] INFO  c.m.d.t.t.k.s.TwitterToKafkaServiceApplication - Starting TwitterToKafkaServiceApplication using Java 11.0.10 on DESKTOP-IMPVB2T with PID 12624 (C:\Users\Anonymous\Desktop\micro\microservices-demo\twitter-to-kafka-service\target\classes started by Anonymous in C:\Users\Anonymous\Desktop\micro\microservices-demo)
2021-04-26 23:43:56 [main] INFO  c.m.d.t.t.k.s.TwitterToKafkaServiceApplication - No active profile set, falling back to default profiles: default
2021-04-26 23:43:57 [main] INFO  c.m.d.t.t.k.s.TwitterToKafkaServiceApplication - Started TwitterToKafkaServiceApplication in 0.95 seconds (JVM running for 2.183)
2021-04-26 23:43:57 [main] INFO  c.m.d.t.t.k.s.TwitterToKafkaServiceApplication - Hello world
2021-04-26 23:43:57 [main] INFO  c.m.d.t.t.k.s.TwitterToKafkaServiceApplication - [Java, Microservices, Spring, Kafka, Elasticsearch]
2021-04-26 23:43:57 [main] INFO  c.m.d.t.t.k.s.TwitterToKafkaServiceApplication - Hello microservices!
2021-04-26 23:43:57 [main] INFO  c.m.d.t.t.k.s.r.I.MockKafkaStreamRunner - Starting mock filtering twitter streams for keywords [Java, Microservices, Spring, Kafka, Elasticsearch]
2021-04-26 23:43:57 [pool-1-thread-1] INFO  c.m.d.t.t.k.s.l.TwitterKafkaStatusListener - Twitter status with text Gembucket Y-find Alpha Prodder Lotstring Microservices Lotstring Bitwolf Transcof
2021-04-26 23:44:07 [pool-1-thread-1] INFO  c.m.d.t.t.k.s.l.TwitterKafkaStatusListener - Twitter status with text Andalax Alpha Veribet Lotstring Stim Mat Lam Tam Spring Cardguard Cardguard Bytecard Andalax
